2025-05-20 22:05:526 INFO  HomePage :34 - Click on No Thanks button for newsletters
2025-05-20 22:05:917 INFO  HomePage :39 - Click on accept all cookies
2025-05-20 22:05:922 INFO  HomePage :43 - Retrieving page title
2025-05-20 22:05:934 INFO  HomePage :48 - Retrieving title statement
2025-05-20 22:05:464 INFO  HomePage :34 - Click on No Thanks button for newsletters
2025-05-20 22:05:753 INFO  HomePage :39 - Click on accept all cookies
2025-05-20 22:05:693 INFO  HomePage :34 - Click on No Thanks button for newsletters
2025-05-20 22:05:253 INFO  HomePage :39 - Click on accept all cookies
2025-05-20 22:05:265 INFO  HomePage :43 - Retrieving page title
2025-05-20 22:05:296 INFO  HomePage :48 - Retrieving title statement
2025-05-20 22:05:497 INFO  HomePage :34 - Click on No Thanks button for newsletters
2025-05-20 22:05:29 INFO  HomePage :39 - Click on accept all cookies
2025-05-20 22:05:37 INFO  HomePage :35 - Click on No Thanks button for newsletters
2025-05-20 22:05:702 INFO  HomePage :40 - Click on accept all cookies
2025-05-20 22:05:716 INFO  HomePage :44 - Retrieving page title
2025-05-20 22:05:747 INFO  HomePage :49 - Retrieving title statement
2025-05-20 22:05:88 INFO  HomePage :35 - Click on No Thanks button for newsletters
2025-05-20 22:05:569 INFO  HomePage :40 - Click on accept all cookies
2025-05-20 22:05:450 INFO  HomePage :43 - Click on No Thanks button for newsletters
2025-05-20 22:05:867 INFO  HomePage :48 - Click on accept all cookies
2025-05-20 22:05:874 INFO  HomePage :68 - Send text to search field: COVID-19 research
2025-05-20 22:05:986 INFO  HomePage :73 - Click search submit button
2025-05-20 22:05:206 INFO  HomePage :43 - Click on No Thanks button for newsletters
2025-05-20 22:05:774 INFO  HomePage :48 - Click on accept all cookies
2025-05-20 22:05:778 INFO  HomePage :68 - Send text to search field: COVID-19 research
2025-05-20 22:05:879 INFO  HomePage :73 - Click search submit button
2025-05-20 22:05:650 INFO  HomePage :43 - Click on No Thanks button for newsletters
2025-05-20 22:05:264 INFO  HomePage :48 - Click on accept all cookies
2025-05-20 22:05:272 INFO  HomePage :68 - Send text to search field: COVID-19 research
2025-05-20 22:05:376 INFO  HomePage :73 - Click search submit button
2025-05-20 23:05:339 INFO  HomePage :43 - Click on No Thanks button for newsletters
2025-05-20 23:05:833 INFO  HomePage :48 - Click on accept all cookies
2025-05-20 23:05:837 INFO  HomePage :68 - Send text to search field: COVID-19 research
2025-05-20 23:05:946 INFO  HomePage :73 - Click search submit button
2025-05-20 23:05:47 INFO  SearchPage :48 - Click on best practice check box
2025-05-20 23:05:180 INFO  SearchPage :68 - Getting search result heading
2025-05-20 23:05:61 INFO  HomePage :43 - Click on No Thanks button for newsletters
2025-05-20 23:05:582 INFO  HomePage :48 - Click on accept all cookies
2025-05-20 23:05:585 INFO  HomePage :68 - Send text to search field: COVID-19 research
2025-05-20 23:05:663 INFO  HomePage :73 - Click search submit button
2025-05-20 23:05:71 INFO  SearchPage :53 - Click on learning check box
2025-05-20 23:05:538 INFO  SearchPage :68 - Getting search result heading
2025-05-20 23:05:756 INFO  HomePage :43 - Click on No Thanks button for newsletters
2025-05-20 23:05:451 INFO  HomePage :48 - Click on accept all cookies
2025-05-20 23:05:454 INFO  HomePage :68 - Send text to search field: COVID-19 research
2025-05-20 23:05:545 INFO  HomePage :73 - Click search submit button
2025-05-20 23:05:998 INFO  SearchPage :58 - Click on Policies, Standards & Legislation check box
2025-05-20 23:05:696 INFO  SearchPage :68 - Getting search result heading
2025-05-20 23:05:557 INFO  HomePage :43 - Click on No Thanks button for newsletters
2025-05-20 23:05:65 INFO  HomePage :48 - Click on accept all cookies
2025-05-20 23:05:65 INFO  HomePage :68 - Send text to search field: COVID-19 research
2025-05-20 23:05:161 INFO  HomePage :73 - Click search submit button
2025-05-20 23:05:625 INFO  SearchPage :63 - Click on Research planning check box
2025-05-20 23:05:521 INFO  HomePage :43 - Click on No Thanks button for newsletters
2025-05-20 23:05:919 INFO  HomePage :48 - Click on accept all cookies
2025-05-20 23:05:925 INFO  HomePage :68 - Send text to search field: COVID-19 research
2025-05-20 23:05:39 INFO  HomePage :73 - Click search submit button
2025-05-20 23:05:182 INFO  SearchPage :63 - Click on Research planning check box
2025-05-20 23:05:740 INFO  HomePage :43 - Click on No Thanks button for newsletters
2025-05-20 23:05:160 INFO  HomePage :48 - Click on accept all cookies
2025-05-20 23:05:168 INFO  HomePage :68 - Send text to search field: COVID-19 research
2025-05-20 23:05:261 INFO  HomePage :73 - Click search submit button
2025-05-20 23:05:339 INFO  SearchPage :63 - Click on Research planning check box
2025-05-20 23:05:502 INFO  HomePage :43 - Click on No Thanks button for newsletters
2025-05-20 23:05:772 INFO  HomePage :48 - Click on accept all cookies
2025-05-20 23:05:781 INFO  HomePage :68 - Send text to search field: COVID-19 research
2025-05-20 23:05:919 INFO  HomePage :73 - Click search submit button
2025-05-20 23:05:291 INFO  SearchPage :63 - Click on Research planning check box
2025-05-20 23:05:225 INFO  HomePage :43 - Click on No Thanks button for newsletters
2025-05-20 23:05:686 INFO  HomePage :48 - Click on accept all cookies
2025-05-20 23:05:690 INFO  HomePage :68 - Send text to search field: COVID-19 research
2025-05-20 23:05:882 INFO  HomePage :73 - Click search submit button
2025-05-20 23:05:591 INFO  SearchPage :63 - Click on Research planning check box
2025-05-20 23:05:216 INFO  SearchPage :70 - Getting search result heading
2025-05-20 23:05:199 INFO  HomePage :43 - Click on No Thanks button for newsletters
2025-05-20 23:05:675 INFO  HomePage :48 - Click on accept all cookies
2025-05-20 23:05:683 INFO  HomePage :52 - Retrieving page title
2025-05-20 23:05:700 INFO  HomePage :57 - Retrieving title statement
2025-05-20 23:05:589 INFO  HomePage :43 - Click on No Thanks button for newsletters
2025-05-20 23:05:108 INFO  HomePage :48 - Click on accept all cookies
2025-05-20 23:05:290 INFO  HomePage :43 - Click on No Thanks button for newsletters
2025-05-20 23:05:740 INFO  HomePage :48 - Click on accept all cookies
2025-05-20 23:05:746 INFO  HomePage :68 - Send text to search field: COVID-19 research
2025-05-20 23:05:867 INFO  HomePage :73 - Click search submit button
2025-05-20 23:05:341 INFO  SearchPage :43 - Gets search result for covid 19
2025-05-20 23:05:424 INFO  HomePage :43 - Click on No Thanks button for newsletters
2025-05-20 23:05:136 INFO  HomePage :48 - Click on accept all cookies
2025-05-20 23:05:139 INFO  HomePage :68 - Send text to search field: COVID-19 research
2025-05-20 23:05:224 INFO  HomePage :73 - Click search submit button
2025-05-20 23:05:639 INFO  SearchPage :48 - Click on best practice check box
2025-05-20 23:05:231 INFO  SearchPage :70 - Getting search result heading
2025-05-20 23:05:628 INFO  HomePage :43 - Click on No Thanks button for newsletters
2025-05-20 23:05:357 INFO  HomePage :48 - Click on accept all cookies
2025-05-20 23:05:360 INFO  HomePage :68 - Send text to search field: COVID-19 research
2025-05-20 23:05:454 INFO  HomePage :73 - Click search submit button
2025-05-20 23:05:531 INFO  SearchPage :53 - Click on learning check box
2025-05-20 23:05:631 INFO  SearchPage :70 - Getting search result heading
2025-05-20 23:05:148 INFO  HomePage :43 - Click on No Thanks button for newsletters
2025-05-20 23:05:499 INFO  HomePage :48 - Click on accept all cookies
2025-05-20 23:05:499 INFO  HomePage :68 - Send text to search field: COVID-19 research
2025-05-20 23:05:605 INFO  HomePage :73 - Click search submit button
2025-05-20 23:05:46 INFO  SearchPage :58 - Click on Policies, Standards & Legislation check box
2025-05-20 23:05:768 INFO  SearchPage :70 - Getting search result heading
2025-05-20 23:05:440 INFO  HomePage :43 - Click on No Thanks button for newsletters
2025-05-20 23:05:854 INFO  HomePage :48 - Click on accept all cookies
2025-05-20 23:05:858 INFO  HomePage :68 - Send text to search field: COVID-19 research
2025-05-20 23:05:985 INFO  HomePage :73 - Click search submit button
2025-05-20 23:05:396 INFO  SearchPage :63 - Click on Research planning check box
